<?xml version="1.0" encoding="UTF-8"?>
<!-- Generated by org.testng.reporters.JUnitXMLReporter -->
<testsuite hostname="MT66924" ignored="0" name="Test" tests="2" failures="1" timestamp="2021-08-24T11:49:12 GMT-03:00" time="1.636" errors="0">
  <testcase name="@BeforeClass beforeClass" time="1.576" classname="sam.utils.pom.BrowserManager">
    <failure type="java.lang.NullPointerException">
      <![CDATA[java.lang.NullPointerException
at sam.utils.pom.BrowserManager.beforeClass(BrowserManager.java:23)
at java.util.ArrayList.forEach(Unknown Source)
... Removed 25 stack frames]]>
    </failure>
  </testcase> <!-- @BeforeClass beforeClass -->
  <testcase name="test" time="0.0" classname="tests.BusquedaNumeroSocioTest">
    <skipped/>
  </testcase> <!-- test -->
  <testcase name="test" time="0.02" classname="tests.BusquedaNumeroSocioTest">
    <failure type="java.lang.ClassCastException" message="java.lang.NullPointerException cannot be cast to sam.utils.pom.StepSkipException">
      <![CDATA[java.lang.ClassCastException: java.lang.NullPointerException cannot be cast to sam.utils.pom.StepSkipException
at listeners.TestListner.onTestSkipped(TestListner.java:46)
at java.util.ArrayList.forEach(Unknown Source)
... Removed 25 stack frames]]>
    </failure>
  </testcase> <!-- test -->
</testsuite> <!-- Test -->
