<?xml version="1.0" encoding="UTF-8"?>
<testng-results skipped="0" failed="0" ignored="0" total="1" passed="1">
  <reporter-output>
  </reporter-output>
  <suite name="Portal-POM-Pattern" duration-ms="101605" started-at="2021-08-24T11:34:16 GMT-03:00" finished-at="2021-08-24T11:35:57 GMT-03:00">
    <groups>
    </groups>
    <test name="Test" duration-ms="101605" started-at="2021-08-24T11:34:16 GMT-03:00" finished-at="2021-08-24T11:35:57 GMT-03:00">
      <class name="tests.BusquedaNumeroSocioTest">
        <test-method status="PASS" signature="beforeClass(java.lang.String, java.lang.String, java.lang.String, java.lang.String, java.lang.String)[pri:0, instance:tests.BusquedaNumeroSocioTest@bd8db5a]" name="beforeClass" is-config="true" duration-ms="2733" started-at="2021-08-24T11:34:16 GMT-03:00" finished-at="2021-08-24T11:34:19 GMT-03:00">
          <params>
            <param index="0">
              <value>
                <![CDATA[Chrome]]>
              </value>
            </param>
            <param index="1">
              <value>
                <![CDATA[false]]>
              </value>
            </param>
            <param index="2">
              <value>
                <![CDATA[http://selenium.osde.ar:4444/wd/hub]]>
              </value>
            </param>
            <param index="3">
              <value>
                <![CDATA[linux]]>
              </value>
            </param>
            <param index="4">
              <value>
                <![CDATA[85.0.4183.83]]>
              </value>
            </param>
          </params>
          <reporter-output>
          </reporter-output>
        </test-method> <!-- beforeClass -->
        <test-method status="PASS" signature="test()[pri:0, instance:tests.BusquedaNumeroSocioTest@bd8db5a]" name="test" duration-ms="97900" started-at="2021-08-24T11:34:19 GMT-03:00" finished-at="2021-08-24T11:35:56 GMT-03:00">
          <reporter-output>
          </reporter-output>
        </test-method> <!-- test -->
        <test-method status="PASS" signature="AfterClass()[pri:0, instance:tests.BusquedaNumeroSocioTest@bd8db5a]" name="AfterClass" is-config="true" duration-ms="775" started-at="2021-08-24T11:35:57 GMT-03:00" finished-at="2021-08-24T11:35:57 GMT-03:00">
          <reporter-output>
          </reporter-output>
        </test-method> <!-- AfterClass -->
      </class> <!-- tests.BusquedaNumeroSocioTest -->
    </test> <!-- Test -->
  </suite> <!-- Portal-POM-Pattern -->
</testng-results>
